CRITICAL - 2024-10-24 06:25:03 --> ErrorException: Undefined variable $router
[Method: GET, Route: blog]
in APPPATH\Config\Routes.php on line 9.
 1 APPPATH\Config\Routes.php(9): CodeIgniter\Debug\Exceptions->errorHandler(2, 'Undefined variable $router', 'D:\\RuangAlgo\\www\\pemweblan\\app\\Config\\Routes.php', 9)
 2 SYSTEMPATH\Router\RouteCollection.php(340): require('D:\\RuangAlgo\\www\\pemweblan\\app\\Config\\Routes.php')
 3 SYSTEMPATH\CodeIgniter.php(823): CodeIgniter\Router\RouteCollection->loadRoutes()
 4 SYSTEMPATH\CodeIgniter.php(457): CodeIgniter\CodeIgniter->tryToRouteIt(null)
 5 SYSTEMPATH\CodeIgniter.php(355): CodeIgniter\CodeIgniter->handleRequest(null, Object(Config\Cache), false)
 6 SYSTEMPATH\Boot.php(325): CodeIgniter\CodeIgniter->run()
 7 SYSTEMPATH\Boot.php(67): CodeIgniter\Boot::runCodeIgniter(Object(CodeIgniter\CodeIgniter))
 8 FCPATH\index.php(56): CodeIgniter\Boot::bootWeb(Object(Config\Paths))
CRITICAL - 2024-10-24 06:25:16 --> ErrorException: Undefined variable $router
[Method: GET, Route: blog]
in APPPATH\Config\Routes.php on line 9.
 1 APPPATH\Config\Routes.php(9): CodeIgniter\Debug\Exceptions->errorHandler(2, 'Undefined variable $router', 'D:\\RuangAlgo\\www\\pemweblan\\app\\Config\\Routes.php', 9)
 2 SYSTEMPATH\Router\RouteCollection.php(340): require('D:\\RuangAlgo\\www\\pemweblan\\app\\Config\\Routes.php')
 3 SYSTEMPATH\CodeIgniter.php(823): CodeIgniter\Router\RouteCollection->loadRoutes()
 4 SYSTEMPATH\CodeIgniter.php(457): CodeIgniter\CodeIgniter->tryToRouteIt(null)
 5 SYSTEMPATH\CodeIgniter.php(355): CodeIgniter\CodeIgniter->handleRequest(null, Object(Config\Cache), false)
 6 SYSTEMPATH\Boot.php(325): CodeIgniter\CodeIgniter->run()
 7 SYSTEMPATH\Boot.php(67): CodeIgniter\Boot::runCodeIgniter(Object(CodeIgniter\CodeIgniter))
 8 FCPATH\index.php(56): CodeIgniter\Boot::bootWeb(Object(Config\Paths))
CRITICAL - 2024-10-24 06:25:16 --> ErrorException: Undefined variable $router
[Method: GET, Route: blog]
in APPPATH\Config\Routes.php on line 9.
 1 APPPATH\Config\Routes.php(9): CodeIgniter\Debug\Exceptions->errorHandler(2, 'Undefined variable $router', 'D:\\RuangAlgo\\www\\pemweblan\\app\\Config\\Routes.php', 9)
 2 SYSTEMPATH\Router\RouteCollection.php(340): require('D:\\RuangAlgo\\www\\pemweblan\\app\\Config\\Routes.php')
 3 SYSTEMPATH\CodeIgniter.php(823): CodeIgniter\Router\RouteCollection->loadRoutes()
 4 SYSTEMPATH\CodeIgniter.php(457): CodeIgniter\CodeIgniter->tryToRouteIt(null)
 5 SYSTEMPATH\CodeIgniter.php(355): CodeIgniter\CodeIgniter->handleRequest(null, Object(Config\Cache), false)
 6 SYSTEMPATH\Boot.php(325): CodeIgniter\CodeIgniter->run()
 7 SYSTEMPATH\Boot.php(67): CodeIgniter\Boot::runCodeIgniter(Object(CodeIgniter\CodeIgniter))
 8 FCPATH\index.php(56): CodeIgniter\Boot::bootWeb(Object(Config\Paths))
CRITICAL - 2024-10-24 06:25:16 --> ErrorException: Undefined variable $router
[Method: GET, Route: blog]
in APPPATH\Config\Routes.php on line 9.
 1 APPPATH\Config\Routes.php(9): CodeIgniter\Debug\Exceptions->errorHandler(2, 'Undefined variable $router', 'D:\\RuangAlgo\\www\\pemweblan\\app\\Config\\Routes.php', 9)
 2 SYSTEMPATH\Router\RouteCollection.php(340): require('D:\\RuangAlgo\\www\\pemweblan\\app\\Config\\Routes.php')
 3 SYSTEMPATH\CodeIgniter.php(823): CodeIgniter\Router\RouteCollection->loadRoutes()
 4 SYSTEMPATH\CodeIgniter.php(457): CodeIgniter\CodeIgniter->tryToRouteIt(null)
 5 SYSTEMPATH\CodeIgniter.php(355): CodeIgniter\CodeIgniter->handleRequest(null, Object(Config\Cache), false)
 6 SYSTEMPATH\Boot.php(325): CodeIgniter\CodeIgniter->run()
 7 SYSTEMPATH\Boot.php(67): CodeIgniter\Boot::runCodeIgniter(Object(CodeIgniter\CodeIgniter))
 8 FCPATH\index.php(56): CodeIgniter\Boot::bootWeb(Object(Config\Paths))
CRITICAL - 2024-10-24 06:25:17 --> ErrorException: Undefined variable $router
[Method: GET, Route: blog]
in APPPATH\Config\Routes.php on line 9.
 1 APPPATH\Config\Routes.php(9): CodeIgniter\Debug\Exceptions->errorHandler(2, 'Undefined variable $router', 'D:\\RuangAlgo\\www\\pemweblan\\app\\Config\\Routes.php', 9)
 2 SYSTEMPATH\Router\RouteCollection.php(340): require('D:\\RuangAlgo\\www\\pemweblan\\app\\Config\\Routes.php')
 3 SYSTEMPATH\CodeIgniter.php(823): CodeIgniter\Router\RouteCollection->loadRoutes()
 4 SYSTEMPATH\CodeIgniter.php(457): CodeIgniter\CodeIgniter->tryToRouteIt(null)
 5 SYSTEMPATH\CodeIgniter.php(355): CodeIgniter\CodeIgniter->handleRequest(null, Object(Config\Cache), false)
 6 SYSTEMPATH\Boot.php(325): CodeIgniter\CodeIgniter->run()
 7 SYSTEMPATH\Boot.php(67): CodeIgniter\Boot::runCodeIgniter(Object(CodeIgniter\CodeIgniter))
 8 FCPATH\index.php(56): CodeIgniter\Boot::bootWeb(Object(Config\Paths))
CRITICAL - 2024-10-24 06:35:54 --> CodeIgniter\View\Exceptions\ViewException: Invalid file: "blog_view.php"
[Method: GET, Route: blog]
in SYSTEMPATH\Exceptions\FrameworkException.php on line 41.
 1 SYSTEMPATH\View\View.php(222): CodeIgniter\Exceptions\FrameworkException::forInvalidFile('blog_view.php')
 2 SYSTEMPATH\Common.php(1171): CodeIgniter\View\View->render('blog_view', [], true)
 3 APPPATH\Controllers\Blog.php(10): view('blog_view')
 4 SYSTEMPATH\CodeIgniter.php(933): App\Controllers\Blog->index()
 5 SYSTEMPATH\CodeIgniter.php(509): CodeIgniter\CodeIgniter->runController(Object(App\Controllers\Blog))
 6 SYSTEMPATH\CodeIgniter.php(355): CodeIgniter\CodeIgniter->handleRequest(null, Object(Config\Cache), false)
 7 SYSTEMPATH\Boot.php(325): CodeIgniter\CodeIgniter->run()
 8 SYSTEMPATH\Boot.php(67): CodeIgniter\Boot::runCodeIgniter(Object(CodeIgniter\CodeIgniter))
 9 FCPATH\index.php(56): CodeIgniter\Boot::bootWeb(Object(Config\Paths))
CRITICAL - 2024-10-24 06:35:55 --> CodeIgniter\View\Exceptions\ViewException: Invalid file: "blog_view.php"
[Method: GET, Route: blog]
in SYSTEMPATH\Exceptions\FrameworkException.php on line 41.
 1 SYSTEMPATH\View\View.php(222): CodeIgniter\Exceptions\FrameworkException::forInvalidFile('blog_view.php')
 2 SYSTEMPATH\Common.php(1171): CodeIgniter\View\View->render('blog_view', [], true)
 3 APPPATH\Controllers\Blog.php(10): view('blog_view')
 4 SYSTEMPATH\CodeIgniter.php(933): App\Controllers\Blog->index()
 5 SYSTEMPATH\CodeIgniter.php(509): CodeIgniter\CodeIgniter->runController(Object(App\Controllers\Blog))
 6 SYSTEMPATH\CodeIgniter.php(355): CodeIgniter\CodeIgniter->handleRequest(null, Object(Config\Cache), false)
 7 SYSTEMPATH\Boot.php(325): CodeIgniter\CodeIgniter->run()
 8 SYSTEMPATH\Boot.php(67): CodeIgniter\Boot::runCodeIgniter(Object(CodeIgniter\CodeIgniter))
 9 FCPATH\index.php(56): CodeIgniter\Boot::bootWeb(Object(Config\Paths))
CRITICAL - 2024-10-24 07:22:02 --> ParseError: syntax error, unexpected end of file
[Method: GET, Route: belajar/bagi/10/5]
in APPPATH\Config\Routes.php on line 18.
 1 SYSTEMPATH\CodeIgniter.php(823): CodeIgniter\Router\RouteCollection->loadRoutes()
 2 SYSTEMPATH\CodeIgniter.php(457): CodeIgniter\CodeIgniter->tryToRouteIt(null)
 3 SYSTEMPATH\CodeIgniter.php(355): CodeIgniter\CodeIgniter->handleRequest(null, Object(Config\Cache), false)
 4 SYSTEMPATH\Boot.php(325): CodeIgniter\CodeIgniter->run()
 5 SYSTEMPATH\Boot.php(67): CodeIgniter\Boot::runCodeIgniter(Object(CodeIgniter\CodeIgniter))
 6 FCPATH\index.php(56): CodeIgniter\Boot::bootWeb(Object(Config\Paths))
CRITICAL - 2024-10-24 07:22:02 --> ParseError: syntax error, unexpected end of file
[Method: GET, Route: belajar/bagi/10/5]
in APPPATH\Config\Routes.php on line 18.
 1 SYSTEMPATH\CodeIgniter.php(823): CodeIgniter\Router\RouteCollection->loadRoutes()
 2 SYSTEMPATH\CodeIgniter.php(457): CodeIgniter\CodeIgniter->tryToRouteIt(null)
 3 SYSTEMPATH\CodeIgniter.php(355): CodeIgniter\CodeIgniter->handleRequest(null, Object(Config\Cache), false)
 4 SYSTEMPATH\Boot.php(325): CodeIgniter\CodeIgniter->run()
 5 SYSTEMPATH\Boot.php(67): CodeIgniter\Boot::runCodeIgniter(Object(CodeIgniter\CodeIgniter))
 6 FCPATH\index.php(56): CodeIgniter\Boot::bootWeb(Object(Config\Paths))
CRITICAL - 2024-10-24 07:22:03 --> ParseError: syntax error, unexpected end of file
[Method: GET, Route: belajar/bagi/10/5]
in APPPATH\Config\Routes.php on line 18.
 1 SYSTEMPATH\CodeIgniter.php(823): CodeIgniter\Router\RouteCollection->loadRoutes()
 2 SYSTEMPATH\CodeIgniter.php(457): CodeIgniter\CodeIgniter->tryToRouteIt(null)
 3 SYSTEMPATH\CodeIgniter.php(355): CodeIgniter\CodeIgniter->handleRequest(null, Object(Config\Cache), false)
 4 SYSTEMPATH\Boot.php(325): CodeIgniter\CodeIgniter->run()
 5 SYSTEMPATH\Boot.php(67): CodeIgniter\Boot::runCodeIgniter(Object(CodeIgniter\CodeIgniter))
 6 FCPATH\index.php(56): CodeIgniter\Boot::bootWeb(Object(Config\Paths))
CRITICAL - 2024-10-24 07:22:11 --> ErrorException: Undefined variable $router
[Method: GET, Route: belajar/bagi/10/5]
in APPPATH\Config\Routes.php on line 12.
 1 APPPATH\Config\Routes.php(12): CodeIgniter\Debug\Exceptions->errorHandler(2, 'Undefined variable $router', 'D:\\RuangAlgo\\www\\pemweblan\\app\\Config\\Routes.php', 12)
 2 SYSTEMPATH\Router\RouteCollection.php(340): require('D:\\RuangAlgo\\www\\pemweblan\\app\\Config\\Routes.php')
 3 SYSTEMPATH\CodeIgniter.php(823): CodeIgniter\Router\RouteCollection->loadRoutes()
 4 SYSTEMPATH\CodeIgniter.php(457): CodeIgniter\CodeIgniter->tryToRouteIt(null)
 5 SYSTEMPATH\CodeIgniter.php(355): CodeIgniter\CodeIgniter->handleRequest(null, Object(Config\Cache), false)
 6 SYSTEMPATH\Boot.php(325): CodeIgniter\CodeIgniter->run()
 7 SYSTEMPATH\Boot.php(67): CodeIgniter\Boot::runCodeIgniter(Object(CodeIgniter\CodeIgniter))
 8 FCPATH\index.php(56): CodeIgniter\Boot::bootWeb(Object(Config\Paths))
CRITICAL - 2024-10-24 07:22:11 --> ErrorException: Undefined variable $router
[Method: GET, Route: belajar/bagi/10/5]
in APPPATH\Config\Routes.php on line 12.
 1 APPPATH\Config\Routes.php(12): CodeIgniter\Debug\Exceptions->errorHandler(2, 'Undefined variable $router', 'D:\\RuangAlgo\\www\\pemweblan\\app\\Config\\Routes.php', 12)
 2 SYSTEMPATH\Router\RouteCollection.php(340): require('D:\\RuangAlgo\\www\\pemweblan\\app\\Config\\Routes.php')
 3 SYSTEMPATH\CodeIgniter.php(823): CodeIgniter\Router\RouteCollection->loadRoutes()
 4 SYSTEMPATH\CodeIgniter.php(457): CodeIgniter\CodeIgniter->tryToRouteIt(null)
 5 SYSTEMPATH\CodeIgniter.php(355): CodeIgniter\CodeIgniter->handleRequest(null, Object(Config\Cache), false)
 6 SYSTEMPATH\Boot.php(325): CodeIgniter\CodeIgniter->run()
 7 SYSTEMPATH\Boot.php(67): CodeIgniter\Boot::runCodeIgniter(Object(CodeIgniter\CodeIgniter))
 8 FCPATH\index.php(56): CodeIgniter\Boot::bootWeb(Object(Config\Paths))
CRITICAL - 2024-10-24 07:22:12 --> ErrorException: Undefined variable $router
[Method: GET, Route: belajar/bagi/10/5]
in APPPATH\Config\Routes.php on line 12.
 1 APPPATH\Config\Routes.php(12): CodeIgniter\Debug\Exceptions->errorHandler(2, 'Undefined variable $router', 'D:\\RuangAlgo\\www\\pemweblan\\app\\Config\\Routes.php', 12)
 2 SYSTEMPATH\Router\RouteCollection.php(340): require('D:\\RuangAlgo\\www\\pemweblan\\app\\Config\\Routes.php')
 3 SYSTEMPATH\CodeIgniter.php(823): CodeIgniter\Router\RouteCollection->loadRoutes()
 4 SYSTEMPATH\CodeIgniter.php(457): CodeIgniter\CodeIgniter->tryToRouteIt(null)
 5 SYSTEMPATH\CodeIgniter.php(355): CodeIgniter\CodeIgniter->handleRequest(null, Object(Config\Cache), false)
 6 SYSTEMPATH\Boot.php(325): CodeIgniter\CodeIgniter->run()
 7 SYSTEMPATH\Boot.php(67): CodeIgniter\Boot::runCodeIgniter(Object(CodeIgniter\CodeIgniter))
 8 FCPATH\index.php(56): CodeIgniter\Boot::bootWeb(Object(Config\Paths))
CRITICAL - 2024-10-24 07:22:12 --> ErrorException: Undefined variable $router
[Method: GET, Route: belajar/bagi/10/5]
in APPPATH\Config\Routes.php on line 12.
 1 APPPATH\Config\Routes.php(12): CodeIgniter\Debug\Exceptions->errorHandler(2, 'Undefined variable $router', 'D:\\RuangAlgo\\www\\pemweblan\\app\\Config\\Routes.php', 12)
 2 SYSTEMPATH\Router\RouteCollection.php(340): require('D:\\RuangAlgo\\www\\pemweblan\\app\\Config\\Routes.php')
 3 SYSTEMPATH\CodeIgniter.php(823): CodeIgniter\Router\RouteCollection->loadRoutes()
 4 SYSTEMPATH\CodeIgniter.php(457): CodeIgniter\CodeIgniter->tryToRouteIt(null)
 5 SYSTEMPATH\CodeIgniter.php(355): CodeIgniter\CodeIgniter->handleRequest(null, Object(Config\Cache), false)
 6 SYSTEMPATH\Boot.php(325): CodeIgniter\CodeIgniter->run()
 7 SYSTEMPATH\Boot.php(67): CodeIgniter\Boot::runCodeIgniter(Object(CodeIgniter\CodeIgniter))
 8 FCPATH\index.php(56): CodeIgniter\Boot::bootWeb(Object(Config\Paths))
